*** SOLVE (MultiShoot) ***
iter    cost       merit      stop      |grad|      preg       dreg      step   ||ffeas||  ||gfeas||  ||hfeas||   dV-exp       dV      dPhi-exp     dPhi
   0  7.291e+04  3.135e+05  2.248e+00  1.550e+05  1.000e-09  1.000e-09  0.0625  2.248e+00  0.000e+00  0.000e+00  9.384e+03  6.731e+03  1.281e+03 -1.229e+05
   1  6.763e+04  2.255e+05  2.950e+00  1.443e+05  1.000e-09  1.000e-09  0.1250  2.950e+00  0.000e+00  0.000e+00  1.691e+04  5.281e+03  1.222e+04 -3.227e+04
   2  5.305e+04  1.511e+05  3.035e+00  1.337e+05  1.000e-09  1.000e-09  0.1250  3.035e+00  0.000e+00  0.000e+00  1.566e+04  1.459e+04  1.532e+04  1.185e+04
   3  5.137e+04  1.255e+05  3.039e+00  1.039e+05  1.000e-09  1.000e-09  0.0312  3.039e+00  0.000e+00  0.000e+00  3.197e+03  1.675e+03  3.194e+03  1.571e+03
   4  4.990e+04  1.211e+05  3.035e+00  1.002e+05  1.000e-09  1.000e-09  0.0312  3.035e+00  0.000e+00  0.000e+00  3.082e+03  1.475e+03  3.085e+03  1.570e+03
   5  4.865e+04  1.169e+05  2.976e+00  9.767e+04  1.000e-09  1.000e-09  0.0312  2.976e+00  0.000e+00  0.000e+00  3.004e+03  1.249e+03  3.046e+03  2.594e+03
   6  4.898e+04  1.154e+05  2.910e+00  9.535e+04  1.000e-09  1.000e-09  0.0312  2.910e+00  0.000e+00  0.000e+00  2.933e+03 -3.344e+02  2.980e+03  1.187e+03
   7  4.783e+04  1.144e+05  2.823e+00  9.622e+04  1.000e-09  1.000e-09  0.0312  2.823e+00  0.000e+00  0.000e+00  2.960e+03  1.150e+03  3.024e+03  3.208e+03
   8  4.713e+04  1.121e+05  2.732e+00  9.404e+04  1.000e-09  1.000e-09  0.0312  2.732e+00  0.000e+00  0.000e+00  2.893e+03  7.056e+02  2.960e+03  2.849e+03
   9  4.750e+04  1.115e+05  2.642e+00  9.275e+04  1.000e-09  1.000e-09  0.0312  2.642e+00  0.000e+00  0.000e+00  2.853e+03 -3.695e+02  2.921e+03  1.808e+03
iter    cost       merit      stop      |grad|      preg       dreg      step   ||ffeas||  ||gfeas||  ||hfeas||   dV-exp       dV      dPhi-exp     dPhi
  10  4.772e+04  1.098e+05  2.456e+00  9.357e+04  1.000e-09  1.000e-09  0.0625  2.456e+00  0.000e+00  0.000e+00  5.665e+03 -2.221e+02  5.960e+03  4.488e+03
  11  4.755e+04  1.125e+05  2.375e+00  9.416e+04  1.000e-09  1.000e-09  0.0312  2.375e+00  0.000e+00  0.000e+00  2.897e+03  1.676e+02  2.966e+03  2.387e+03
  12  4.787e+04  1.099e+05  2.200e+00  9.384e+04  1.000e-09  1.000e-09  0.0625  2.200e+00  0.000e+00  0.000e+00  5.682e+03 -3.247e+02  5.990e+03  4.612e+03
  13  4.834e+04  1.136e+05  2.124e+00  9.461e+04  1.000e-09  1.000e-09  0.0312  2.124e+00  0.000e+00  0.000e+00  2.910e+03 -4.673e+02  2.983e+03  1.853e+03
  14  4.511e+04  1.091e+05  1.993e+00  9.557e+04  1.000e-09  1.000e-09  0.0625  1.993e+00  0.000e+00  0.000e+00  5.786e+03  3.235e+03  6.051e+03  7.468e+03
  15  4.960e+04  1.041e+05  1.706e+00  8.919e+04  1.000e-09  1.000e-09  0.1250  1.706e+00  0.000e+00  0.000e+00  1.045e+04 -4.494e+03  1.160e+04  4.656e+03
  16  4.897e+04  1.181e+05  1.681e+00  9.835e+04  1.000e-09  1.000e-09  0.0156  1.681e+00  0.000e+00  0.000e+00  1.525e+03  6.276e+02  1.541e+03  1.682e+03
  17  4.597e+04  1.142e+05  1.654e+00  9.708e+04  1.000e-09  1.000e-09  0.1250  1.654e+00  0.000e+00  0.000e+00  1.138e+04  3.005e+03  1.151e+04  4.101e+03
  18  4.540e+04  1.092e+05  1.621e+00  9.118e+04  1.000e-09  1.000e-09  0.0312  1.621e+00  0.000e+00  0.000e+00  2.805e+03  5.675e+02  2.846e+03  1.880e+03
  19  3.706e+04  1.266e+05  2.256e+00  9.004e+04  1.000e-09  1.000e-09  0.1250  2.256e+00  0.000e+00  0.000e+00  1.055e+04  8.345e+03  7.401e+03 -1.686e+04
iter    cost       merit      stop      |grad|      preg       dreg      step   ||ffeas||  ||gfeas||  ||hfeas||   dV-exp       dV      dPhi-exp     dPhi
  20  3.628e+04  8.847e+04  2.245e+00  7.342e+04  1.000e-09  1.000e-09  0.0312  2.245e+00  0.000e+00  0.000e+00  2.259e+03  7.715e+02  2.266e+03  1.021e+03
  21  3.436e+04  1.301e+05  4.185e+00  7.189e+04  1.000e-09  1.000e-09  0.2500  4.185e+00  0.000e+00  0.000e+00  1.572e+04  1.925e+03  4.633e+03 -4.244e+04
  22  3.405e+04  7.777e+04  3.759e+00  6.815e+04  1.000e-09  1.000e-09  0.1250  3.759e+00  0.000e+00  0.000e+00  7.987e+03  3.045e+02  8.607e+03  5.268e+03
  23  2.852e+04  6.520e+04  2.856e+00  6.758e+04  1.000e-09  1.000e-09  0.2500  2.856e+00  0.000e+00  0.000e+00  1.478e+04  5.532e+03  1.768e+04  1.712e+04
  24  1.892e+04  4.257e+04  1.672e+00  5.656e+04  1.000e-09  1.000e-09  0.5000  1.672e+00  0.000e+00  0.000e+00  2.121e+04  9.606e+03  2.958e+04  2.635e+04
  25  1.308e+04  3.583e+04  1.430e+00  3.740e+04  1.000e-09  1.000e-09  0.5000  1.424e+00  0.000e+00  0.000e+00  1.403e+04  5.840e+03  1.601e+04  9.807e+03
  26  1.303e+04  2.921e+04  1.252e+00  2.576e+04  1.000e-09  1.000e-09  0.1250  1.252e+00  0.000e+00  0.000e+00  3.019e+03  5.130e+01  3.296e+03  2.268e+03
  27  4.778e+03  2.964e+04  2.684e+00  2.566e+04  1.000e-09  1.000e-09  0.5000  1.699e+00  0.000e+00  0.000e+00  9.623e+03  8.247e+03  6.356e+03  1.715e+03
  28  4.561e+03  1.565e+04  1.516e+00  9.187e+03  1.000e-09  1.000e-09  0.1250  1.516e+00  0.000e+00  0.000e+00  1.077e+03  2.175e+02  1.244e+03  1.554e+03
  29  2.796e+03  9.111e+03  1.565e+00  8.757e+03  1.000e-09  1.000e-09  0.5000  1.530e+00  0.000e+00  0.000e+00  3.284e+03  1.765e+03  3.255e+03  1.706e+03
iter    cost       merit      stop      |grad|      preg       dreg      step   ||ffeas||  ||gfeas||  ||hfeas||   dV-exp       dV      dPhi-exp     dPhi
  30  2.869e+03  6.197e+03  1.360e+00  5.241e+03  1.000e-09  1.000e-09  0.1250  1.360e+00  0.000e+00  0.000e+00  6.142e+02 -7.289e+01  6.664e+02  3.446e+02
  31  1.160e+03  3.731e+03  2.323e+00  5.389e+03  1.000e-09  1.000e-09  0.5000  9.078e-01  0.000e+00  0.000e+00  2.021e+03  1.710e+03  2.661e+03  2.989e+03
  32  1.145e+03  2.475e+03  8.649e-01  1.979e+03  1.000e-09  1.000e-09  0.0625  8.532e-01  0.000e+00  0.000e+00  1.199e+02  1.494e+01  1.252e+02  1.000e+02
  33  9.392e+02  2.086e+03  1.038e+00  1.950e+03  1.000e-09  1.000e-09  0.2500  7.016e-01  0.000e+00  0.000e+00  4.266e+02  2.053e+02  4.885e+02  4.531e+02
  34  7.907e+02  2.223e+03  9.753e-01  1.543e+03  1.000e-09  1.000e-09  0.5000  9.107e-01  0.000e+00  0.000e+00  5.787e+02  1.485e+02  4.144e+02 -1.801e+02
  35  7.676e+02  1.506e+03  8.148e-01  1.251e+03  1.000e-09  1.000e-09  0.2500  7.514e-01  0.000e+00  0.000e+00  2.737e+02  2.310e+01  3.129e+02  1.796e+02
  36  7.705e+02  1.540e+03  7.835e-01  1.208e+03  1.000e-09  1.000e-09  0.1250  6.693e-01  0.000e+00  0.000e+00  1.416e+02 -2.880e+00  1.533e+02  9.140e+01
  37  3.185e+02  1.381e+03  1.902e+00  1.215e+03  1.000e-09  1.000e-09  0.5000  8.191e-01  0.000e+00  0.000e+00  4.556e+02  4.520e+02  3.585e+02  2.576e+02
  38  3.224e+02  8.008e+02  7.375e-01  3.174e+02  1.000e-09  1.000e-09  0.1250  7.375e-01  0.000e+00  0.000e+00  3.720e+01 -3.900e+00  4.382e+01  4.905e+01
  39  2.839e+02  5.336e+02  7.699e-01  3.270e+02  1.000e-09  1.000e-09  0.5000  7.699e-01  0.000e+00  0.000e+00  1.228e+02  3.849e+01  1.175e+02  2.799e+01
iter    cost       merit      stop      |grad|      preg       dreg      step   ||ffeas||  ||gfeas||  ||hfeas||   dV-exp       dV      dPhi-exp     dPhi
  40  2.840e+02  4.692e+02  7.684e-01  2.585e+02  1.000e-09  1.000e-09  0.0020  7.684e-01  0.000e+00  0.000e+00  5.044e-01 -1.241e-01  5.051e-01  2.359e-01
  41  2.686e+02  4.399e+02  7.118e-01  2.576e+02  1.000e-09  1.000e-09  0.1250  7.118e-01  0.000e+00  0.000e+00  3.019e+01  1.539e+01  3.190e+01  2.901e+01
  42  2.566e+02  4.107e+02  6.675e-01  2.289e+02  1.000e-09  1.000e-09  0.1250  6.675e-01  0.000e+00  0.000e+00  2.684e+01  1.202e+01  2.811e+01  2.223e+01
  43  2.158e+02  3.684e+02  6.848e-01  2.073e+02  1.000e-09  1.000e-09  0.2500  6.848e-01  0.000e+00  0.000e+00  4.537e+01  4.081e+01  4.441e+01  3.696e+01
  44  2.159e+02  3.101e+02  6.835e-01  1.312e+02  1.000e-09  1.000e-09  0.0020  6.835e-01  0.000e+00  0.000e+00  2.560e-01 -3.411e-02  2.563e-01  1.485e-01
  45  2.090e+02  2.982e+02  6.477e-01  1.308e+02  1.000e-09  1.000e-09  0.1250  6.477e-01  0.000e+00  0.000e+00  1.534e+01  6.860e+00  1.595e+01  1.179e+01
  46  2.033e+02  2.891e+02  6.398e-01  1.207e+02  1.000e-09  1.000e-09  0.2500  6.398e-01  0.000e+00  0.000e+00  2.643e+01  5.689e+00  2.670e+01  6.751e+00
  47  1.986e+02  2.762e+02  5.930e-01  1.162e+02  1.000e-09  1.000e-09  0.1250  5.930e-01  0.000e+00  0.000e+00  1.363e+01  4.682e+00  1.440e+01  1.081e+01
  48  1.979e+02  2.750e+02  5.763e-01  1.103e+02  1.000e-09  1.000e-09  0.0312  5.763e-01  0.000e+00  0.000e+00  3.394e+00  7.340e-01  3.464e+00  2.970e+00
  49  1.872e+02  2.600e+02  5.314e-01  1.097e+02  1.000e-09  1.000e-09  0.1250  5.314e-01  0.000e+00  0.000e+00  1.286e+01  1.068e+01  1.363e+01  1.683e+01
iter    cost       merit      stop      |grad|      preg       dreg      step   ||ffeas||  ||gfeas||  ||hfeas||   dV-exp       dV      dPhi-exp     dPhi
  50  1.832e+02  2.456e+02  5.040e-01  9.144e+01  1.000e-09  1.000e-09  0.0625  5.040e-01  0.000e+00  0.000e+00  5.538e+00  4.043e+00  5.750e+00  7.434e+00
  51  1.744e+02  2.374e+02  5.197e-01  8.482e+01  1.000e-09  1.000e-09  0.2500  5.197e-01  0.000e+00  0.000e+00  1.857e+01  8.744e+00  1.810e+01  6.842e+00
  52  1.742e+02  2.247e+02  5.051e-01  7.200e+01  1.000e-09  1.000e-09  0.0312  5.051e-01  0.000e+00  0.000e+00  2.215e+00  1.982e-01  2.261e+00  1.657e+00
  53  1.648e+02  2.145e+02  4.827e-01  7.214e+01  1.000e-09  1.000e-09  0.2500  4.827e-01  0.000e+00  0.000e+00  1.580e+01  9.416e+00  1.638e+01  1.173e+01
  54  1.652e+02  2.045e+02  4.571e-01  5.728e+01  1.000e-09  1.000e-09  0.0625  4.571e-01  0.000e+00  0.000e+00  3.470e+00 -3.591e-01  3.607e+00  1.840e+00
  55  1.652e+02  2.076e+02  4.536e-01  5.910e+01  1.000e-09  1.000e-09  0.0078  4.536e-01  0.000e+00  0.000e+00  4.599e-01 -2.157e-02  4.625e-01  3.058e-01
  56  1.561e+02  2.066e+02  5.356e-01  5.920e+01  1.000e-09  1.000e-09  0.2500  5.356e-01  0.000e+00  0.000e+00  1.297e+01  9.082e+00  1.104e+01  1.349e+00
  57  1.561e+02  2.066e+02  5.356e-01  4.480e+01  1.000e-09  1.000e-09  0.0020  5.356e-01  0.000e+00  0.000e+00  8.742e-02 -1.315e-01  8.754e-02 -6.878e-02
  58  1.716e+02  2.421e+02  5.281e-01  9.927e+01  1.000e-08  1.000e-08  0.0156  5.281e-01  0.000e+00  0.000e+00  1.539e+00  8.732e+00  1.555e+00  9.729e+00
  59  1.670e+02  2.770e+02  1.065e+00  7.566e+01  1.000e-08  1.000e-08  0.5000  1.065e+00  0.000e+00  0.000e+00  2.846e+01  4.608e+00  7.310e-01 -5.086e+01
iter    cost       merit      stop      |grad|      preg       dreg      step   ||ffeas||  ||gfeas||  ||hfeas||   dV-exp       dV      dPhi-exp     dPhi
  60  1.670e+02  2.219e+02  1.063e+00  7.302e+01  2.000e-09  2.000e-09  0.0020  1.063e+00  0.000e+00  0.000e+00  1.425e-01 -3.283e-02  1.427e-01  7.420e-02
  61  1.687e+02  2.163e+02  9.606e-01  7.260e+01  2.000e-09  2.000e-09  0.1250  9.606e-01  0.000e+00  0.000e+00  8.517e+00 -1.645e+00  9.151e+00  3.424e+00
  62  1.657e+02  2.163e+02  8.701e-01  7.702e+01  2.000e-09  2.000e-09  0.1250  8.701e-01  0.000e+00  0.000e+00  9.035e+00  2.968e+00  9.692e+00  8.226e+00
  63  1.549e+02  2.011e+02  7.692e-01  7.211e+01  2.000e-09  2.000e-09  0.2500  7.692e-01  0.000e+00  0.000e+00  1.581e+01  1.083e+01  1.733e+01  1.690e+01
  64  1.549e+02  1.930e+02  7.662e-01  5.234e+01  1.000e-09  1.000e-09  0.0039  7.662e-01  0.000e+00  0.000e+00  2.041e-01 -4.912e-02  2.046e-01  9.902e-02
  65  1.362e+02  1.750e+02  7.782e-01  5.237e+01  1.000e-09  1.000e-09  0.5000  7.782e-01  0.000e+00  0.000e+00  1.978e+01  1.874e+01  1.949e+01  1.815e+01
  66  1.362e+02  1.555e+02  7.722e-01  1.760e+01  1.000e-09  1.000e-09  0.0078  7.722e-01  0.000e+00  0.000e+00  1.370e-01 -4.383e-02  1.382e-01  1.061e-01
  67  1.335e+02  1.450e+02  6.509e-01  1.766e+01  1.000e-09  1.000e-09  0.5000  6.509e-01  0.000e+00  0.000e+00  6.793e+00  2.698e+00  7.859e+00  4.831e+00
  68  1.335e+02  1.450e+02  6.509e-01  1.456e+01  1.000e-09  1.000e-09  0.0020  6.509e-01  0.000e+00  0.000e+00  2.840e-02 -7.096e-02  2.845e-02 -4.928e-02
  69  1.402e+02  1.871e+02  6.411e-01  6.552e+01  1.000e-08  1.000e-08  0.0156  6.411e-01  0.000e+00  0.000e+00  1.016e+00  1.514e+01  1.027e+00  1.587e+01
iter    cost       merit      stop      |grad|      preg       dreg      step   ||ffeas||  ||gfeas||  ||hfeas||   dV-exp       dV      dPhi-exp     dPhi
  70  1.400e+02  1.631e+02  6.313e-01  2.799e+01  1.000e-08  1.000e-08  0.0156  6.313e-01  0.000e+00  0.000e+00  4.341e-01  1.673e-01  4.397e-01  5.255e-01
  71  1.339e+02  1.514e+02  5.269e-01  2.844e+01  1.000e-08  1.000e-08  0.2500  5.269e-01  0.000e+00  0.000e+00  6.252e+00  6.168e+00  7.121e+00  9.643e+00
  72  1.339e+02  1.514e+02  5.269e-01  1.776e+01  2.000e-09  2.000e-09  0.0020  5.269e-01  0.000e+00  0.000e+00  3.466e-02 -5.437e-02  3.471e-02 -2.852e-02
  73  1.397e+02  1.875e+02  5.190e-01  6.707e+01  2.000e-08  2.000e-08  0.0156  5.190e-01  0.000e+00  0.000e+00  1.040e+00  1.516e+01  1.051e+00  1.589e+01
  74  1.382e+02  1.607e+02  4.892e-01  2.899e+01  2.000e-08  2.000e-08  0.0625  4.892e-01  0.000e+00  0.000e+00  1.757e+00  1.485e+00  1.842e+00  2.854e+00
  75  1.316e+02  1.474e+02  4.014e-01  2.620e+01  2.000e-08  2.000e-08  0.5000  4.014e-01  0.000e+00  0.000e+00  9.919e+00  6.666e+00  1.165e+01  1.012e+01
  76  1.316e+02  1.423e+02  4.006e-01  1.446e+01  4.000e-09  4.000e-09  0.0020  4.006e-01  0.000e+00  0.000e+00  2.821e-02 -1.855e-02  2.825e-02  2.398e-03
  77  1.316e+02  1.420e+02  3.975e-01  1.409e+01  4.000e-09  4.000e-09  0.0078  3.975e-01  0.000e+00  0.000e+00  1.096e-01 -1.026e-04  1.103e-01  8.125e-02
  78  1.316e+02  1.414e+02  3.738e-01  1.409e+01  4.000e-09  4.000e-09  0.0625  3.738e-01  0.000e+00  0.000e+00  8.539e-01 -3.641e-02  8.930e-01  5.884e-01
  79  1.269e+02  1.343e+02  2.625e-01  1.426e+01  4.000e-09  4.000e-09  0.5000  2.625e-01  0.000e+00  0.000e+00  5.415e+00  4.756e+00  6.989e+00  7.903e+00
iter    cost       merit      stop      |grad|      preg       dreg      step   ||ffeas||  ||gfeas||  ||hfeas||   dV-exp       dV      dPhi-exp     dPhi
  80  1.269e+02  1.343e+02  2.625e-01  6.129e+00  1.000e-09  1.000e-09  0.0020  2.625e-01  0.000e+00  0.000e+00  1.196e-02 -2.723e-01  1.198e-02 -2.633e-01
  81  1.327e+02  1.707e+02  2.604e-01  5.326e+01  1.000e-08  1.000e-08  0.0078  2.604e-01  0.000e+00  0.000e+00  4.145e-01  1.385e+01  4.168e-01  1.415e+01
  82  1.330e+02  1.517e+02  2.564e-01  1.739e+01  1.000e-08  1.000e-08  0.0156  2.564e-01  0.000e+00  0.000e+00  2.697e-01 -2.633e-01  2.742e-01  2.855e-02
  83  1.328e+02  1.454e+02  2.487e-01  1.792e+01  1.000e-08  1.000e-08  0.0312  2.487e-01  0.000e+00  0.000e+00  5.513e-01  2.158e-01  5.636e-01  6.092e-01
  84  1.261e+02  1.362e+02  1.965e-01  1.752e+01  1.000e-08  1.000e-08  0.5000  1.965e-01  0.000e+00  0.000e+00  6.610e+00  6.636e+00  7.947e+00  9.309e+00
  85  1.261e+02  1.362e+02  1.965e-01  4.853e+00  2.000e-09  2.000e-09  0.0020  1.965e-01  0.000e+00  0.000e+00  9.470e-03 -3.828e-02  9.489e-03 -2.847e-02
  86  1.348e+02  1.701e+02  1.908e-01  5.058e+01  2.000e-08  2.000e-08  0.0312  1.908e-01  0.000e+00  0.000e+00  1.556e+00  1.036e+01  1.589e+00  1.142e+01
  87  1.315e+02  1.466e+02  1.631e-01  2.273e+01  2.000e-08  2.000e-08  0.2500  1.631e-01  0.000e+00  0.000e+00  4.979e+00  3.319e+00  5.619e+00  5.876e+00
  88  1.302e+02  1.409e+02  1.466e-01  1.638e+01  4.000e-09  4.000e-09  0.1250  1.466e-01  0.000e+00  0.000e+00  1.921e+00  1.291e+00  2.070e+00  2.485e+00
  89  1.302e+02  1.409e+02  1.466e-01  1.405e+01  4.000e-09  4.000e-09  0.0020  1.466e-01  0.000e+00  0.000e+00  2.742e-02 -3.906e-02  2.746e-02 -1.930e-02
iter    cost       merit      stop      |grad|      preg       dreg      step   ||ffeas||  ||gfeas||  ||hfeas||   dV-exp       dV      dPhi-exp     dPhi
  90  1.381e+02  1.774e+02  2.035e-01  5.645e+01  4.000e-08  4.000e-08  0.0312  1.424e-01  0.000e+00  0.000e+00  1.736e+00  9.775e+00  1.773e+00  1.095e+01
  91  1.280e+02  1.480e+02  1.312e-01  3.016e+01  4.000e-08  4.000e-08  0.5000  1.312e-01  0.000e+00  0.000e+00  1.133e+01  1.009e+01  1.218e+01  1.178e+01
  92  1.280e+02  1.480e+02  1.312e-01  1.087e+01  8.000e-09  8.000e-09  0.0020  1.312e-01  0.000e+00  0.000e+00  2.121e-02 -7.976e-02  2.125e-02 -6.032e-02
  93  1.334e+02  1.685e+02  1.860e-01  4.981e+01  8.000e-08  8.000e-08  0.0156  1.292e-01  0.000e+00  0.000e+00  7.722e-01  1.089e+01  7.811e-01  1.145e+01
  94  1.279e+02  1.434e+02  1.143e-01  2.134e+01  8.000e-08  8.000e-08  0.5000  1.143e-01  0.000e+00  0.000e+00  8.022e+00  5.514e+00  9.030e+00  7.529e+00
  95  1.279e+02  1.434e+02  1.143e-01  1.133e+01  1.600e-08  1.600e-08  0.0020  1.143e-01  0.000e+00  0.000e+00  2.212e-02 -1.204e-01  2.215e-02 -1.045e-01
  96  1.411e+02  1.752e+02  1.708e-01  4.835e+01  1.600e-07  1.600e-07  0.0156  1.124e-01  0.000e+00  0.000e+00  7.495e-01  2.202e+00  7.585e-01  2.777e+00
  97  1.369e+02  1.594e+02  1.358e-01  3.734e+01  1.600e-07  1.600e-07  0.2500  9.461e-02  0.000e+00  0.000e+00  8.171e+00  4.162e+00  9.232e+00  8.406e+00
  98  1.370e+02  1.580e+02  1.069e-01  2.941e+01  3.200e-08  3.200e-08  0.0020  9.442e-02  0.000e+00  0.000e+00  5.738e-02 -2.464e-02  5.746e-02  1.638e-02
  99  1.271e+02  1.463e+02  1.144e-01  2.921e+01  3.200e-08  3.200e-08  0.5000  8.659e-02  0.000e+00  0.000e+00  1.097e+01  9.807e+00  1.184e+01  1.154e+01
iter    cost       merit      stop      |grad|      preg       dreg      step   ||ffeas||  ||gfeas||  ||hfeas||   dV-exp       dV      dPhi-exp     dPhi
 100  1.271e+02  1.463e+02  8.659e-02  1.038e+01  6.400e-09  6.400e-09  0.0020  8.659e-02  0.000e+00  0.000e+00  2.025e-02 -1.968e-01  2.029e-02 -1.781e-01
 101  1.309e+02  1.631e+02  1.727e-01  4.542e+01  6.400e-08  6.400e-08  0.0078  8.586e-02  0.000e+00  0.000e+00  3.535e-01  1.083e+01  3.556e-01  1.110e+01
 102  1.309e+02  1.469e+02  8.553e-02  1.747e+01  6.400e-08  6.400e-08  0.0039  8.553e-02  0.000e+00  0.000e+00  6.809e-02 -2.013e-02  6.834e-02  4.256e-02
 103  1.310e+02  1.428e+02  8.061e-02  1.741e+01  6.400e-08  6.400e-08  0.0625  8.061e-02  0.000e+00  0.000e+00  1.054e+00 -1.167e-01  1.099e+00  6.025e-01
 104  1.239e+02  1.377e+02  8.776e-02  1.768e+01  6.400e-08  6.400e-08  0.5000  8.776e-02  0.000e+00  0.000e+00  6.639e+00  7.103e+00  6.076e+00  5.977e+00
 105  1.239e+02  1.377e+02  8.776e-02  4.097e+00  1.280e-08  1.280e-08  0.0020  8.776e-02  0.000e+00  0.000e+00  7.995e-03 -9.231e-02  8.021e-03 -7.885e-02
 106  1.323e+02  1.589e+02  1.423e-01  3.782e+01  1.280e-07  1.280e-07  0.0156  8.616e-02  0.000e+00  0.000e+00  5.864e-01  5.618e+00  5.941e-01  6.112e+00
 107  1.321e+02  1.467e+02  8.485e-02  2.072e+01  1.280e-07  1.280e-07  0.0156  8.485e-02  0.000e+00  0.000e+00  3.212e-01  2.365e-01  3.247e-01  4.627e-01
 108  1.322e+02  1.465e+02  8.356e-02  2.024e+01  1.280e-07  1.280e-07  0.0156  8.356e-02  0.000e+00  0.000e+00  3.138e-01 -1.091e-01  3.173e-01  1.118e-01
 109  1.241e+02  1.388e+02  8.378e-02  2.046e+01  1.280e-07  1.280e-07  0.5000  8.378e-02  0.000e+00  0.000e+00  7.680e+00  8.059e+00  7.660e+00  8.020e+00
iter    cost       merit      stop      |grad|      preg       dreg      step   ||ffeas||  ||gfeas||  ||hfeas||   dV-exp       dV      dPhi-exp     dPhi
 110  1.241e+02  1.388e+02  8.378e-02  6.770e+00  2.560e-08  2.560e-08  0.0020  8.378e-02  0.000e+00  0.000e+00  1.321e-02 -7.988e-01  1.324e-02 -7.844e-01
 111  1.375e+02  1.651e+02  1.408e-01  3.876e+01  2.560e-07  2.560e-07  0.0078  8.312e-02  0.000e+00  0.000e+00  3.017e-01 -4.976e-02  3.034e-01  1.675e-01
 112  1.375e+02  1.599e+02  1.141e-01  3.155e+01  2.560e-07  2.560e-07  0.0078  8.249e-02  0.000e+00  0.000e+00  2.455e-01  2.437e-02  2.469e-01  1.978e-01
 113  1.357e+02  1.560e+02  1.148e-01  3.135e+01  2.560e-07  2.560e-07  0.1250  7.466e-02  0.000e+00  0.000e+00  3.674e+00  1.742e+00  3.940e+00  3.871e+00
 114  1.246e+02  1.444e+02  1.113e-01  2.791e+01  2.560e-07  2.560e-07  0.5000  7.407e-02  0.000e+00  0.000e+00  1.047e+01  1.113e+01  1.055e+01  1.129e+01
 115  1.246e+02  1.345e+02  7.393e-02  6.032e+00  5.120e-08  5.120e-08  0.0020  7.393e-02  0.000e+00  0.000e+00  1.177e-02 -4.249e-03  1.181e-02  1.500e-02
 116  1.246e+02  1.295e+02  7.336e-02  5.897e+00  5.120e-08  5.120e-08  0.0078  7.336e-02  0.000e+00  0.000e+00  4.589e-02  9.848e-03  4.619e-02  4.788e-02
 117  1.239e+02  1.277e+02  6.630e-02  5.874e+00  5.120e-08  5.120e-08  0.1250  6.630e-02  0.000e+00  0.000e+00  6.886e-01  7.184e-01  7.394e-01  1.125e+00
 118  1.239e+02  1.277e+02  6.630e-02  4.540e+00  5.120e-08  5.120e-08  0.0020  6.630e-02  0.000e+00  0.000e+00  8.858e-03 -4.129e-02  8.871e-03 -3.493e-02
 119  1.290e+02  1.540e+02  1.365e-01  3.525e+01  5.120e-07  5.120e-07  0.0156  6.529e-02  0.000e+00  0.000e+00  5.466e-01  7.666e+00  5.526e-01  8.052e+00
iter    cost       merit      stop      |grad|      preg       dreg      step   ||ffeas||  ||gfeas||  ||hfeas||   dV-exp       dV      dPhi-exp     dPhi
 120  1.285e+02  1.403e+02  6.170e-02  1.487e+01  5.120e-07  5.120e-07  0.0625  6.170e-02  0.000e+00  0.000e+00  9.004e-01  4.745e-01  9.434e-01  1.162e+00
 121  1.232e+02  1.329e+02  6.016e-02  1.391e+01  5.120e-07  5.120e-07  0.5000  6.016e-02  0.000e+00  0.000e+00  5.220e+00  5.296e+00  5.344e+00  5.544e+00
 122  1.232e+02  1.329e+02  6.016e-02  4.110e+00  1.024e-07  1.024e-07  0.0020  6.016e-02  0.000e+00  0.000e+00  8.019e-03 -2.324e-01  8.038e-03 -2.229e-01
 123  1.263e+02  1.499e+02  1.308e-01  3.290e+01  1.024e-06  1.024e-06  0.0078  5.969e-02  0.000e+00  0.000e+00  2.561e-01  9.063e+00  2.575e-01  9.250e+00
 124  1.263e+02  1.380e+02  5.945e-02  9.840e+00  1.024e-06  1.024e-06  0.0039  5.945e-02  0.000e+00  0.000e+00  3.836e-02  2.365e-02  3.854e-02  6.947e-02
 125  1.264e+02  1.329e+02  5.608e-02  9.654e+00  1.024e-06  1.024e-06  0.0625  5.608e-02  0.000e+00  0.000e+00  5.846e-01 -7.106e-02  6.092e-01  3.225e-01
 126  1.224e+02  1.321e+02  7.761e-02  9.813e+00  1.024e-06  1.024e-06  1.0000  7.761e-02  0.000e+00  0.000e+00  4.926e+00  3.960e+00  2.223e+00  1.257e+00
 127  1.224e+02  1.321e+02  7.761e-02  4.544e+00  2.048e-07  2.048e-07  0.0020  7.761e-02  0.000e+00  0.000e+00  8.866e-03 -3.048e-01  8.885e-03 -2.953e-01
 128  1.284e+02  1.512e+02  1.243e-01  3.131e+01  2.048e-06  2.048e-06  0.0078  7.700e-02  0.000e+00  0.000e+00  2.437e-01  5.511e+00  2.451e-01  5.693e+00
 129  1.284e+02  1.512e+02  7.700e-02  1.461e+01  2.048e-06  2.048e-06  0.0020  7.700e-02  0.000e+00  0.000e+00  2.850e-02 -3.022e-02  2.855e-02 -7.977e-03
iter    cost       merit      stop      |grad|      preg       dreg      step   ||ffeas||  ||gfeas||  ||hfeas||   dV-exp       dV      dPhi-exp     dPhi
 130  1.328e+02  1.609e+02  1.518e-01  3.976e+01  2.048e-05  2.048e-05  0.0312  7.458e-02  0.000e+00  0.000e+00  1.223e+00  6.985e+00  1.252e+00  7.896e+00
 131  1.327e+02  1.490e+02  8.695e-02  2.316e+01  2.048e-05  2.048e-05  0.0156  7.341e-02  0.000e+00  0.000e+00  3.591e-01  7.716e-02  3.632e-01  3.367e-01
 132  1.354e+02  1.478e+02  8.426e-02  2.293e+01  2.048e-05  2.048e-05  0.2500  5.546e-02  0.000e+00  0.000e+00  5.018e+00 -2.746e+00  6.023e+00  1.271e+00
 133  1.218e+02  1.345e+02  1.163e-01  2.850e+01  4.096e-06  4.096e-06  1.0000  3.460e-02  0.000e+00  0.000e+00  1.427e+01  1.366e+01  2.194e+01  2.133e+01
 134  1.218e+02  1.345e+02  3.460e-02  3.627e+00  8.192e-07  8.192e-07  0.0020  3.460e-02  0.000e+00  0.000e+00  7.078e-03 -3.548e-01  7.102e-03 -3.425e-01
 135  1.246e+02  1.440e+02  1.089e-01  2.619e+01  8.192e-06  8.192e-06  0.0078  3.434e-02  0.000e+00  0.000e+00  2.039e-01  7.384e+00  2.050e-01  7.534e+00
 136  1.246e+02  1.343e+02  3.427e-02  7.282e+00  8.192e-06  8.192e-06  0.0020  3.427e-02  0.000e+00  0.000e+00  1.421e-02 -3.523e-03  1.425e-02  1.540e-02
 137  1.246e+02  1.298e+02  3.420e-02  7.248e+00  8.192e-06  8.192e-06  0.0020  3.420e-02  0.000e+00  0.000e+00  1.414e-02  8.033e-03  1.416e-02  1.827e-02
 138  1.246e+02  1.298e+02  3.394e-02  7.180e+00  8.192e-06  8.192e-06  0.0078  3.394e-02  0.000e+00  0.000e+00  5.588e-02 -1.483e-02  5.620e-02  2.552e-02
 139  1.248e+02  1.296e+02  3.190e-02  7.093e+00  8.192e-06  8.192e-06  0.0625  3.190e-02  0.000e+00  0.000e+00  4.296e-01 -2.263e-01  4.487e-01  7.999e-02
iter    cost       merit      stop      |grad|      preg       dreg      step   ||ffeas||  ||gfeas||  ||hfeas||   dV-exp       dV      dPhi-exp     dPhi
 140  1.213e+02  1.251e+02  3.105e-02  7.553e+00  8.192e-06  8.192e-06  1.0000  2.199e-02  0.000e+00  0.000e+00  3.798e+00  3.496e+00  5.483e+00  5.181e+00
 141  1.213e+02  1.251e+02  2.199e-02  2.558e+00  1.638e-06  1.638e-06  0.0020  2.199e-02  0.000e+00  0.000e+00  4.991e-03 -2.961e-01  4.999e-03 -2.921e-01
 142  1.291e+02  1.464e+02  9.440e-02  2.350e+01  1.638e-05  1.638e-05  0.0156  2.165e-02  0.000e+00  0.000e+00  3.645e-01  1.944e+00  3.687e-01  2.215e+00
 143  1.291e+02  1.409e+02  6.367e-02  1.647e+01  1.638e-05  1.638e-05  0.0039  2.157e-02  0.000e+00  0.000e+00  6.422e-02  2.042e-02  6.440e-02  6.656e-02
 144  1.291e+02  1.407e+02  6.328e-02  1.639e+01  1.638e-05  1.638e-05  0.0156  2.123e-02  0.000e+00  0.000e+00  2.542e-01 -4.178e-02  2.570e-01  1.408e-01
 145  1.293e+02  1.397e+02  6.301e-02  1.638e+01  1.638e-05  1.638e-05  0.1250  1.879e-02  0.000e+00  0.000e+00  1.920e+00 -1.866e-01  2.089e+00  1.166e+00
 146  1.210e+02  1.321e+02  6.894e-02  1.678e+01  1.638e-05  1.638e-05  1.0000  1.728e-02  0.000e+00  0.000e+00  8.411e+00  8.297e+00  9.378e+00  9.263e+00
 147  1.210e+02  1.321e+02  1.728e-02  2.141e+00  3.277e-06  3.277e-06  0.0020  1.728e-02  0.000e+00  0.000e+00  4.178e-03 -3.594e-01  4.199e-03 -3.486e-01
 148  1.261e+02  1.417e+02  8.736e-02  2.118e+01  3.277e-05  3.277e-05  0.0156  1.700e-02  0.000e+00  0.000e+00  3.285e-01  4.021e+00  3.324e-01  4.269e+00
 149  1.261e+02  1.338e+02  4.180e-02  1.055e+01  3.277e-05  3.277e-05  0.0039  1.694e-02  0.000e+00  0.000e+00  4.112e-02 -2.027e-03  4.124e-02  2.846e-02
iter    cost       merit      stop      |grad|      preg       dreg      step   ||ffeas||  ||gfeas||  ||hfeas||   dV-exp       dV      dPhi-exp     dPhi
 150  1.260e+02  1.335e+02  4.148e-02  1.049e+01  3.277e-05  3.277e-05  0.0156  1.667e-02  0.000e+00  0.000e+00  1.627e-01  9.151e-03  1.645e-01  1.267e-01
 151  1.262e+02  1.327e+02  4.127e-02  1.046e+01  3.277e-05  3.277e-05  0.1250  1.460e-02  0.000e+00  0.000e+00  1.226e+00 -1.210e-01  1.343e+00  8.118e-01
 152  1.235e+02  1.264e+02  4.315e-02  1.071e+01  3.277e-05  3.277e-05  1.0000  5.423e-03  0.000e+00  0.000e+00  5.372e+00  2.655e+00  1.020e+01  7.479e+00
 153  1.235e+02  1.264e+02  2.433e-02  5.935e+00  6.554e-06  6.554e-06  0.0020  5.423e-03  0.000e+00  0.000e+00  1.158e-02 -4.323e-02  1.160e-02 -3.484e-02
 154  1.282e+02  1.454e+02  9.604e-02  2.410e+01  6.554e-05  6.554e-05  0.0312  5.253e-03  0.000e+00  0.000e+00  7.418e-01  3.775e+00  7.592e-01  4.332e+00
 155  1.283e+02  1.389e+02  5.827e-02  1.503e+01  6.554e-05  6.554e-05  0.0156  5.171e-03  0.000e+00  0.000e+00  2.331e-01 -1.254e-01  2.357e-01  4.181e-02
 156  1.283e+02  1.389e+02  5.908e-02  1.526e+01  6.554e-05  6.554e-05  0.0312  5.011e-03  0.000e+00  0.000e+00  4.694e-01  9.904e-04  4.799e-01  3.383e-01
 157  1.278e+02  1.362e+02  5.924e-02  1.525e+01  6.554e-05  6.554e-05  0.2500  3.858e-03  0.000e+00  0.000e+00  3.336e+00  5.199e-01  3.963e+00  3.028e+00
 158  1.228e+02  1.373e+02  5.772e-02  1.426e+01  1.311e-05  1.311e-05  0.5000  5.492e-03  0.000e+00  0.000e+00  5.350e+00  5.063e+00  3.189e+00  7.410e-01
 159  1.223e+02  1.315e+02  1.726e-02  4.228e+00  2.621e-06  2.621e-06  0.2500  6.950e-03  0.000e+00  0.000e+00  9.259e-01  4.322e-01  4.440e-01 -1.495e+00
iter    cost       merit      stop      |grad|      preg       dreg      step   ||ffeas||  ||gfeas||  ||hfeas||   dV-exp       dV      dPhi-exp     dPhi
 160  1.223e+02  1.315e+02  1.464e-02  3.593e+00  5.243e-07  5.243e-07  0.0020  6.950e-03  0.000e+00  0.000e+00  7.010e-03 -3.812e-02  7.028e-03 -2.915e-02
 161  1.254e+02  1.412e+02  8.872e-02  2.185e+01  5.243e-06  5.243e-06  0.0156  6.853e-03  0.000e+00  0.000e+00  3.388e-01  4.612e+00  3.423e-01  4.836e+00
 162  1.219e+02  1.321e+02  3.938e-02  9.653e+00  5.243e-06  5.243e-06  0.5000  8.883e-03  0.000e+00  0.000e+00  3.623e+00  3.526e+00  2.453e+00  1.185e+00
 163  1.219e+02  1.321e+02  1.328e-02  3.194e+00  1.049e-06  1.049e-06  0.0020  8.883e-03  0.000e+00  0.000e+00  6.232e-03 -3.840e-01  6.252e-03 -3.741e-01
 164  1.293e+02  1.438e+02  7.945e-02  2.001e+01  1.049e-05  1.049e-05  0.0156  8.751e-03  0.000e+00  0.000e+00  3.104e-01 -3.752e-02  3.138e-01  1.828e-01
 165  1.205e+02  1.328e+02  7.202e-02  1.748e+01  1.049e-05  1.049e-05  1.0000  8.583e-03  0.000e+00  0.000e+00  8.751e+00  8.756e+00  8.992e+00  8.997e+00
 166  1.205e+02  1.328e+02  8.583e-03  1.671e+00  2.097e-06  2.097e-06  0.0020  8.583e-03  0.000e+00  0.000e+00  3.260e-03 -5.640e-01  3.284e-03 -5.520e-01
 167  1.224e+02  1.347e+02  7.016e-02  1.643e+01  2.097e-05  2.097e-05  0.0078  8.515e-03  0.000e+00  0.000e+00  1.279e-01  4.978e+00  1.287e-01  5.075e+00
 168  1.224e+02  1.286e+02  1.650e-02  4.026e+00  2.097e-05  2.097e-05  0.0039  8.482e-03  0.000e+00  0.000e+00  1.570e-02 -1.870e-02  1.579e-02  5.243e-03
 169  1.224e+02  1.255e+02  1.654e-02  4.045e+00  2.097e-05  2.097e-05  0.0039  8.449e-03  0.000e+00  0.000e+00  1.577e-02 -1.045e-02  1.582e-02  1.470e-03
iter    cost       merit      stop      |grad|      preg       dreg      step   ||ffeas||  ||gfeas||  ||hfeas||   dV-exp       dV      dPhi-exp     dPhi
 170  1.224e+02  1.251e+02  1.611e-02  3.962e+00  2.097e-05  2.097e-05  0.0312  8.187e-03  0.000e+00  0.000e+00  1.219e-01  7.594e-02  1.246e-01  1.638e-01
 171  1.211e+02  1.220e+02  1.565e-02  3.809e+00  2.097e-05  2.097e-05  1.0000  2.789e-03  0.000e+00  0.000e+00  1.910e+00  1.323e+00  3.710e+00  3.122e+00
 172  1.211e+02  1.220e+02  1.165e-02  2.489e+00  4.194e-06  4.194e-06  0.0020  2.789e-03  0.000e+00  0.000e+00  4.857e-03 -4.456e-01  4.865e-03 -4.417e-01
 173  1.247e+02  1.367e+02  6.811e-02  1.634e+01  4.194e-05  4.194e-05  0.0156  2.744e-03  0.000e+00  0.000e+00  2.534e-01  2.897e+00  2.565e-01  3.096e+00
 174  1.247e+02  1.308e+02  3.437e-02  8.620e+00  4.194e-05  4.194e-05  0.0156  2.701e-03  0.000e+00  0.000e+00  1.336e-01  3.765e-02  1.351e-01  1.336e-01
 175  1.247e+02  1.301e+02  3.395e-02  8.527e+00  4.194e-05  4.194e-05  0.1250  2.373e-03  0.000e+00  0.000e+00  9.993e-01 -3.673e-02  1.092e+00  7.040e-01
 176  1.204e+02  1.222e+02  3.546e-02  8.604e+00  4.194e-05  4.194e-05  1.0000  6.998e-04  0.000e+00  0.000e+00  4.305e+00  4.313e+00  8.642e+00  8.649e+00
 177  1.204e+02  1.222e+02  2.608e-03  4.918e-01  8.389e-06  8.389e-06  0.0020  6.998e-04  0.000e+00  0.000e+00  9.599e-04 -9.466e-02  9.634e-04 -9.287e-02
 178  1.247e+02  1.345e+02  5.651e-02  1.357e+01  8.389e-05  8.389e-05  0.0312  6.761e-04  0.000e+00  0.000e+00  4.177e-01  1.831e+00  4.284e-01  2.175e+00
 179  1.247e+02  1.309e+02  3.490e-02  8.753e+00  8.389e-05  8.389e-05  0.0078  6.709e-04  0.000e+00  0.000e+00  6.811e-02 -4.713e-03  6.849e-02  4.401e-02
iter    cost       merit      stop      |grad|      preg       dreg      step   ||ffeas||  ||gfeas||  ||hfeas||   dV-exp       dV      dPhi-exp     dPhi
 180  1.246e+02  1.307e+02  3.482e-02  8.738e+00  8.389e-05  8.389e-05  0.0312  6.502e-04  0.000e+00  0.000e+00  2.688e-01  8.833e-02  2.748e-01  2.809e-01
 181  1.237e+02  1.284e+02  3.431e-02  8.554e+00  8.389e-05  8.389e-05  0.2500  4.968e-04  0.000e+00  0.000e+00  1.871e+00  9.094e-01  2.232e+00  2.352e+00
 182  1.211e+02  1.288e+02  2.769e-02  6.753e+00  1.678e-05  1.678e-05  0.5000  7.912e-04  0.000e+00  0.000e+00  2.534e+00  2.571e+00  1.102e+00 -2.918e-01
 183  1.212e+02  1.250e+02  6.838e-03  1.658e+00  3.355e-06  3.355e-06  0.0156  7.809e-04  0.000e+00  0.000e+00  2.570e-02 -2.079e-02  2.648e-02  2.900e-02
 184  1.208e+02  1.239e+02  7.019e-03  1.698e+00  3.355e-06  3.355e-06  0.2500  1.264e-03  0.000e+00  0.000e+00  3.718e-01  3.554e-01  7.843e-02 -8.180e-01
 185  1.208e+02  1.239e+02  4.460e-03  1.076e+00  6.711e-07  6.711e-07  0.0020  1.264e-03  0.000e+00  0.000e+00  2.099e-03 -2.581e-02  2.105e-03 -2.294e-02
 186  1.232e+02  1.341e+02  6.050e-02  1.452e+01  6.711e-06  6.711e-06  0.0312  1.287e-03  0.000e+00  0.000e+00  4.470e-01  3.192e+00  4.408e-01  2.991e+00
 187  1.210e+02  1.290e+02  2.433e-02  5.925e+00  6.711e-06  6.711e-06  0.5000  1.885e-03  0.000e+00  0.000e+00  2.223e+00  2.195e+00  9.543e-01 -3.433e-01
 188  1.207e+02  1.259e+02  6.512e-03  1.578e+00  1.342e-06  1.342e-06  0.2500  2.445e-03  0.000e+00  0.000e+00  3.455e-01  2.752e-01  4.808e-02 -9.145e-01
 189  1.207e+02  1.259e+02  6.499e-03  1.563e+00  2.684e-07  2.684e-07  0.0020  2.445e-03  0.000e+00  0.000e+00  3.050e-03 -4.423e-01  3.059e-03 -4.373e-01
iter    cost       merit      stop      |grad|      preg       dreg      step   ||ffeas||  ||gfeas||  ||hfeas||   dV-exp       dV      dPhi-exp     dPhi
 190  1.248e+02  1.351e+02  5.816e-02  1.420e+01  2.684e-06  2.684e-06  0.0078  2.418e-03  0.000e+00  0.000e+00  1.105e-01  1.073e+00  1.114e-01  1.189e+00
 191  1.217e+02  1.324e+02  3.737e-02  9.164e+00  2.684e-06  2.684e-06  0.5000  3.932e-03  0.000e+00  0.000e+00  3.438e+00  3.061e+00  1.386e+00 -1.043e+00
 192  1.217e+02  1.324e+02  2.069e-02  4.959e+00  5.369e-07  5.369e-07  0.0020  3.932e-03  0.000e+00  0.000e+00  9.676e-03 -8.321e-01  9.697e-03 -8.215e-01
 193  1.233e+02  1.357e+02  7.057e-02  1.668e+01  5.369e-06  5.369e-06  0.0039  3.917e-03  0.000e+00  0.000e+00  6.502e-02  3.401e+00  6.522e-02  3.451e+00
 194  1.233e+02  1.295e+02  2.538e-02  6.283e+00  5.369e-06  5.369e-06  0.0020  3.909e-03  0.000e+00  0.000e+00  1.226e-02 -7.426e-03  1.228e-02  4.737e-03
 195  1.233e+02  1.277e+02  2.517e-02  6.241e+00  5.369e-06  5.369e-06  0.0020  3.901e-03  0.000e+00  0.000e+00  1.218e-02  4.794e-03  1.219e-02  1.350e-02
 196  1.217e+02  1.284e+02  2.530e-02  6.201e+00  5.369e-06  5.369e-06  1.0000  5.871e-03  0.000e+00  0.000e+00  3.104e+00  1.573e+00  8.650e-01 -6.659e-01
 197  1.217e+02  1.284e+02  2.062e-02  4.852e+00  1.074e-06  1.074e-06  0.0020  5.871e-03  0.000e+00  0.000e+00  9.467e-03 -6.670e-01  9.481e-03 -6.599e-01
 198  1.246e+02  1.361e+02  6.458e-02  1.540e+01  1.074e-05  1.074e-05  0.0078  5.824e-03  0.000e+00  0.000e+00  1.198e-01  1.819e+00  1.206e-01  1.912e+00
 199  1.246e+02  1.312e+02  3.677e-02  9.187e+00  1.074e-05  1.074e-05  0.0020  5.812e-03  0.000e+00  0.000e+00  1.793e-02  2.058e-03  1.795e-02  1.499e-02
