*** SOLVE (FeasShoot) ***
iter    cost       merit      stop      |grad|      preg       dreg      step   ||ffeas||  ||gfeas||  ||hfeas||   dV-exp       dV      dPhi-exp     dPhi
   0  1.216e+01  1.216e+01  1.843e-01  3.613e+00  1.000e-09  1.000e-09  1.0000  0.000e+00  0.000e+00  1.843e-01 -1.088e-01  3.492e-02 -1.088e-01  3.492e-02
   1  1.256e+01  1.256e+01  3.046e-02  2.134e-01  1.000e-09  1.000e-09  1.0000  0.000e+00  0.000e+00  1.603e-02 -4.129e-01 -3.941e-01 -4.129e-01 -3.941e-01
   2  1.261e+01  1.261e+01  4.391e-03  4.436e-02  1.000e-09  1.000e-09  1.0000  0.000e+00  0.000e+00  2.541e-04 -5.976e-02 -5.376e-02 -5.976e-02 -5.376e-02
   3  1.261e+01  1.261e+01  2.707e-04  2.365e-03  1.000e-09  1.000e-09  1.0000  0.000e+00  0.000e+00  2.302e-07 -3.685e-03 -3.393e-03 -3.685e-03 -3.393e-03
   4  1.261e+01  1.261e+01  4.685e-06  1.272e-04  1.000e-08  1.000e-08  1.0000  0.000e+00  0.000e+00  6.725e-13  6.378e-05  7.780e-05  1.549e-04  1.689e-04
   5  1.261e+01  1.261e+01  2.277e-07  6.198e-06  1.000e-07  1.000e-07  1.0000  0.000e+00  0.000e+00  1.027e-12  3.099e-06  3.785e-06  3.099e-06  3.785e-06
   6  1.261e+01  1.261e+01  1.115e-08  3.034e-07  1.000e-06  1.000e-06  1.0000  0.000e+00  0.000e+00  4.055e-14  1.517e-07  1.853e-07  1.521e-07  1.857e-07
*** SOLVE (MultiShoot) ***
iter    cost       merit      stop      |grad|      preg       dreg      step   ||ffeas||  ||gfeas||  ||hfeas||   dV-exp       dV      dPhi-exp     dPhi
   0  1.216e+01  4.863e+01  1.843e-01  3.613e+00  1.000e-09  1.000e-09  1.0000  2.665e-15  0.000e+00  1.843e-01 -1.088e-01  3.492e-02  4.934e+00  5.078e+00
   1  1.256e+01  1.414e+01  3.046e-02  2.134e-01  1.000e-09  1.000e-09  1.0000  2.498e-15  0.000e+00  1.603e-02 -4.129e-01 -3.941e-01  1.623e+01  1.625e+01
   2  1.261e+01  1.262e+01  4.391e-03  4.436e-02  1.000e-09  1.000e-09  1.0000  1.776e-15  0.000e+00  2.541e-04 -5.976e-02 -5.376e-02  7.205e-01  7.265e-01
   3  1.261e+01  1.261e+01  2.707e-04  2.365e-03  1.000e-09  1.000e-09  1.0000  3.331e-15  0.000e+00  2.302e-07 -3.685e-03 -3.393e-03  2.594e-03  2.886e-03
   4  1.261e+01  1.261e+01  4.685e-06  1.272e-04  1.000e-08  1.000e-08  1.0000  2.665e-15  0.000e+00  1.161e-12  6.378e-05  7.780e-05  1.549e-04  1.689e-04
   5  1.261e+01  1.261e+01  2.277e-07  6.198e-06  1.000e-07  1.000e-07  1.0000  3.220e-15  0.000e+00  9.780e-13  3.099e-06  3.785e-06  3.099e-06  3.785e-06
   6  1.261e+01  1.261e+01  1.115e-08  3.034e-07  1.000e-06  1.000e-06  1.0000  2.442e-15  0.000e+00  2.090e-13  1.517e-07  1.853e-07  1.520e-07  1.856e-07
*** SOLVE (HybridShoot: 33) ***
iter    cost       merit      stop      |grad|      preg       dreg      step   ||ffeas||  ||gfeas||  ||hfeas||   dV-exp       dV      dPhi-exp     dPhi
   0  1.216e+01  4.863e+01  1.843e-01  3.613e+00  1.000e-09  1.000e-09  1.0000  2.665e-15  0.000e+00  1.843e-01 -1.088e-01  3.492e-02  4.934e+00  5.078e+00
   1  1.256e+01  1.414e+01  3.046e-02  2.134e-01  1.000e-09  1.000e-09  1.0000  3.275e-15  0.000e+00  1.603e-02 -4.129e-01 -3.941e-01  1.623e+01  1.625e+01
   2  1.261e+01  1.262e+01  4.391e-03  4.436e-02  1.000e-09  1.000e-09  1.0000  2.665e-15  0.000e+00  2.541e-04 -5.976e-02 -5.376e-02  7.205e-01  7.265e-01
   3  1.261e+01  1.261e+01  2.707e-04  2.365e-03  1.000e-09  1.000e-09  1.0000  2.220e-15  0.000e+00  2.302e-07 -3.685e-03 -3.393e-03  2.594e-03  2.886e-03
   4  1.261e+01  1.261e+01  4.685e-06  1.272e-04  1.000e-08  1.000e-08  1.0000  2.665e-15  0.000e+00  1.146e-12  6.378e-05  7.780e-05  1.549e-04  1.689e-04
   5  1.261e+01  1.261e+01  2.277e-07  6.198e-06  1.000e-07  1.000e-07  1.0000  2.665e-15  0.000e+00  7.380e-14  3.099e-06  3.785e-06  3.100e-06  3.785e-06
   6  1.261e+01  1.261e+01  1.115e-08  3.034e-07  1.000e-06  1.000e-06  1.0000  4.041e-14  0.000e+00  1.173e-12  1.517e-07  1.853e-07  1.513e-07  1.849e-07
Target end-effector pose:
   position: [0.6 0.2 0.5]
   quaternion: [0. 0. 0. 1.]
Terminal end-effector pose:
   position: [0.6 0.2 0.5]
   quaternion: [-2.44893165e-13 -6.33507438e-14  5.86575999e-13  1.00000000e+00]
